Using pre-set license
Built from '2020.3/staging' branch; Version is '2020.3.28f1 (f5400f52e03f) revision 16072719'; Using compiler version '192528614'; Build Type 'Release'
OS: 'Windows 10  (10.0.19042) 64bit Professional' Language: 'ru' Physical Memory: 16309 MB
BatchMode: 1, IsHumanControllingUs: 0, StartBugReporterOnCrash: 0, Is64bit: 1, IsPro: 0

COMMAND LINE ARGUMENTS:
D:\Programs\Unity\2020.3.28f1\Editor\Unity.exe
-adb2
-batchMode
-noUpm
-name
AssetImportWorker0
-projectPath
D:/Project/SecondMatch3
-logFile
Logs/AssetImportWorker0.log
-srvPort
63772
Successfully changed project path to: D:/Project/SecondMatch3
D:/Project/SecondMatch3
Using Asset Import Pipeline V2.
Refreshing native plugins compatible for Editor in 39.20 ms, found 3 plugins.
Preloading 0 native plugins for Editor in 0.00 ms.
Initialize engine version: 2020.3.28f1 (f5400f52e03f)
[Subsystems] Discovering subsystems at path D:/Programs/Unity/2020.3.28f1/Editor/Data/Resources/UnitySubsystems
[Subsystems] Discovering subsystems at path D:/Project/SecondMatch3/Assets
GfxDevice: creating device client; threaded=0
Direct3D:
    Version:  Direct3D 11.0 [level 11.1]
    Renderer: NVIDIA GeForce GTX 1660 Ti (ID=0x2182)
    Vendor:   
    VRAM:     5991 MB
    Driver:   27.21.14.6079
Initialize mono
Mono path[0] = 'D:/Programs/Unity/2020.3.28f1/Editor/Data/Managed'
Mono path[1] = 'D:/Programs/Unity/2020.3.28f1/Editor/Data/MonoBleedingEdge/lib/mono/unityjit'
Mono config path = 'D:/Programs/Unity/2020.3.28f1/Editor/Data/MonoBleedingEdge/etc'
Using monoOptions --debugger-agent=transport=dt_socket,embedding=1,server=y,suspend=n,address=127.0.0.1:56024
Begin MonoManager ReloadAssembly
Registering precompiled unity dll's ...
Register platform support module: D:/Programs/Unity/2020.3.28f1/Editor/Data/PlaybackEngines/WebGLSupport/UnityEditor.WebGL.Extensions.dll
Register platform support module: D:/Programs/Unity/2020.3.28f1/Editor/Data/PlaybackEngines/MacStandaloneSupport/UnityEditor.OSXStandalone.Extensions.dll
Register platform support module: D:/Programs/Unity/2020.3.28f1/Editor/Data/PlaybackEngines/WindowsStandaloneSupport/UnityEditor.WindowsStandalone.Extensions.dll
Register platform support module: D:/Programs/Unity/2020.3.28f1/Editor/Data/PlaybackEngines/LinuxStandaloneSupport/UnityEditor.LinuxStandalone.Extensions.dll
Register platform support module: D:/Programs/Unity/2020.3.28f1/Editor/Data/PlaybackEngines/LuminSupport/UnityEditor.Lumin.Extensions.dll
Registered in 0.001460 seconds.
Native extension for Lumin target not found
Native extension for LinuxStandalone target not found
Native extension for WindowsStandalone target not found
Native extension for OSXStandalone target not found
Native extension for WebGL target not found
Refreshing native plugins compatible for Editor in 39.62 ms, found 3 plugins.
Preloading 0 native plugins for Editor in 0.00 ms.
Mono: successfully reloaded assembly
- Completed reload, in  0.468 seconds
Domain Reload Profiling:
	ReloadAssembly (469ms)
		BeginReloadAssembly (45ms)
			ExecutionOrderSort (0ms)
			DisableScriptedObjects (0ms)
			BackupInstance (0ms)
			ReleaseScriptingObjects (0ms)
			CreateAndSetChildDomain (1ms)
		EndReloadAssembly (367ms)
			LoadAssemblies (45ms)
			RebuildTransferFunctionScriptingTraits (0ms)
			SetupTypeCache (120ms)
			ReleaseScriptCaches (0ms)
			RebuildScriptCaches (25ms)
			SetupLoadedEditorAssemblies (143ms)
				LogAssemblyErrors (0ms)
				InitializePlatformSupportModulesInManaged (6ms)
				SetLoadedEditorAssemblies (0ms)
				RefreshPlugins (40ms)
				BeforeProcessingInitializeOnLoad (14ms)
				ProcessInitializeOnLoadAttributes (63ms)
				ProcessInitializeOnLoadMethodAttributes (21ms)
				AfterProcessingInitializeOnLoad (0ms)
				EditorAssembliesLoaded (0ms)
			ExecutionOrderSort2 (0ms)
			AwakeInstancesAfterBackupRestoration (0ms)
Platform modules already initialized, skipping
Registering precompiled user dll's ...
Registered in 0.002427 seconds.
Begin MonoManager ReloadAssembly
Native extension for Lumin target not found
Native extension for LinuxStandalone target not found
Native extension for WindowsStandalone target not found
Native extension for OSXStandalone target not found
Native extension for WebGL target not found
Refreshing native plugins compatible for Editor in 39.42 ms, found 3 plugins.
Preloading 0 native plugins for Editor in 0.00 ms.
Mono: successfully reloaded assembly
- Completed reload, in  0.887 seconds
Domain Reload Profiling:
	ReloadAssembly (887ms)
		BeginReloadAssembly (122ms)
			ExecutionOrderSort (0ms)
			DisableScriptedObjects (4ms)
			BackupInstance (0ms)
			ReleaseScriptingObjects (0ms)
			CreateAndSetChildDomain (16ms)
		EndReloadAssembly (718ms)
			LoadAssemblies (72ms)
			RebuildTransferFunctionScriptingTraits (0ms)
			SetupTypeCache (242ms)
			ReleaseScriptCaches (0ms)
			RebuildScriptCaches (39ms)
			SetupLoadedEditorAssemblies (271ms)
				LogAssemblyErrors (0ms)
				InitializePlatformSupportModulesInManaged (5ms)
				SetLoadedEditorAssemblies (0ms)
				RefreshPlugins (39ms)
				BeforeProcessingInitializeOnLoad (61ms)
				ProcessInitializeOnLoadAttributes (151ms)
				ProcessInitializeOnLoadMethodAttributes (12ms)
				AfterProcessingInitializeOnLoad (2ms)
				EditorAssembliesLoaded (0ms)
			ExecutionOrderSort2 (0ms)
			AwakeInstancesAfterBackupRestoration (5ms)
Platform modules already initialized, skipping
========================================================================
Worker process is ready to serve import requests
Launched and connected shader compiler UnityShaderCompiler.exe after 0.04 seconds
Refreshing native plugins compatible for Editor in 0.47 ms, found 3 plugins.
Preloading 0 native plugins for Editor in 0.00 ms.
Unloading 2196 Unused Serialized files (Serialized files now loaded: 0)
System memory in use before: 95.9 MB.
System memory in use after: 95.8 MB.

Unloading 34 unused Assets to reduce memory usage. Loaded Objects now: 2623.
Total: 3.222600 ms (FindLiveObjects: 0.160600 ms CreateObjectMapping: 0.050600 ms MarkObjects: 2.877500 ms  DeleteObjects: 0.132600 ms)

AssetImportParameters requested are different than current active one (requested -> active):
  custom:framework-win-MediaFoundation: 216162199b28c13a410421893ffa2e32 -> 
  custom:video-decoder-ogg-theora: a1e56fd34408186e4bbccfd4996cb3dc -> 
  custom:container-muxer-webm: aa71ff27fc2769a1b78a27578f13a17b -> 
  custom:container-demuxer-webm: 4f35f7cbe854078d1ac9338744f61a02 -> 
  custom:container-demuxer-ogg: 62fdf1f143b41e24485cea50d1cbac27 -> 
  custom:video-encoder-webm-vp8: eb34c28f22e8b96e1ab97ce403110664 -> 
  custom:video-decoder-webm-vp8: 9c59270c3fd7afecdb556c50c9e8de78 -> 
  custom:audio-decoder-ogg-vorbis: bf7c407c2cedff20999df2af8eb42d56 -> 
  custom:audio-encoder-webm-vorbis: bf7c407c2cedff20999df2af8eb42d56 -> 
========================================================================
Received Import Request.
  path: Assets/Scenes
  artifactKey: Guid(131a6b21c8605f84396be9f6751fb6e3) Importer(815301076,1909f56bfc062723c751e8b465ee728b)
Start importing Assets/Scenes using Guid(131a6b21c8605f84396be9f6751fb6e3) Importer(815301076,1909f56bfc062723c751e8b465ee728b)  -> (artifact id: 'df75b7d1a31c5b4f73fd45661b403b04') in 0.007498 seconds 
  Import took 0.010507 seconds .

========================================================================
Received Import Request.
  Time since last request: 0.726995 seconds.
  path: Assets
  artifactKey: Guid(00000000000000001000000000000000) Importer(815301076,1909f56bfc062723c751e8b465ee728b)
Start importing Assets using Guid(00000000000000001000000000000000) Importer(815301076,1909f56bfc062723c751e8b465ee728b)  -> (artifact id: '42d402b061de3733987d63b9cc3b64de') in 0.005279 seconds 
  Import took 0.008321 seconds .

========================================================================
Received Import Request.
  Time since last request: 6.659394 seconds.
  path: Assets/Scripts
  artifactKey: Guid(058dfcf1ac5ebbf44a840fb791e84a09) Importer(815301076,1909f56bfc062723c751e8b465ee728b)
Start importing Assets/Scripts using Guid(058dfcf1ac5ebbf44a840fb791e84a09) Importer(815301076,1909f56bfc062723c751e8b465ee728b)  -> (artifact id: '5e71a327daf9e28aabbedd226a3df414') in 0.006186 seconds 
  Import took 0.009140 seconds .

========================================================================
Received Import Request.
  Time since last request: 7.474040 seconds.
  path: Assets/Prefabs
  artifactKey: Guid(ec7962fe96f423f47a978189e347169c) Importer(815301076,1909f56bfc062723c751e8b465ee728b)
Start importing Assets/Prefabs using Guid(ec7962fe96f423f47a978189e347169c) Importer(815301076,1909f56bfc062723c751e8b465ee728b)  -> (artifact id: '8e15b0ca09125d17257ac1b88fba29d4') in 0.006145 seconds 
  Import took 0.009048 seconds .

========================================================================
Received Import Request.
  Time since last request: 9.317221 seconds.
  path: Assets/Images
  artifactKey: Guid(2688f4efb6425b14b8e6ab42ad9eb254) Importer(815301076,1909f56bfc062723c751e8b465ee728b)
Start importing Assets/Images using Guid(2688f4efb6425b14b8e6ab42ad9eb254) Importer(815301076,1909f56bfc062723c751e8b465ee728b)  -> (artifact id: '5ff84d023fc134f9e2b1e463109c4f20') in 0.004571 seconds 
  Import took 0.007604 seconds .

========================================================================
Received Import Request.
  Time since last request: 8.233680 seconds.
  path: Assets/Sounds
  artifactKey: Guid(47530a25ee4584e4eb567057493ea42a) Importer(815301076,1909f56bfc062723c751e8b465ee728b)
Start importing Assets/Sounds using Guid(47530a25ee4584e4eb567057493ea42a) Importer(815301076,1909f56bfc062723c751e8b465ee728b)  -> (artifact id: '720717f2680bfa5510adeaaf90af5ac8') in 0.004578 seconds 
  Import took 0.007509 seconds .

========================================================================
Received Import Request.
  Time since last request: 89.206366 seconds.
  path: Assets/Sprites/Amethyst2.png
  artifactKey: Guid(26a0cb5da70406b4ca15fc2a43109b7f) Importer(815301076,1909f56bfc062723c751e8b465ee728b)
Start importing Assets/Sprites/Amethyst2.png using Guid(26a0cb5da70406b4ca15fc2a43109b7f) Importer(815301076,1909f56bfc062723c751e8b465ee728b)  -> (artifact id: '5be48ced01ef566470ee2f835c875c89') in 0.102867 seconds 
  Import took 0.105910 seconds .

========================================================================
Received Import Request.
  Time since last request: 32.430437 seconds.
  path: Assets/Sprites/Emerald4.png
  artifactKey: Guid(edd473509be04fe4db3346e25be75087) Importer(815301076,1909f56bfc062723c751e8b465ee728b)
Start importing Assets/Sprites/Emerald4.png using Guid(edd473509be04fe4db3346e25be75087) Importer(815301076,1909f56bfc062723c751e8b465ee728b)  -> (artifact id: '65918b9882c9a17768bc9fa47173d338') in 0.015058 seconds 
  Import took 0.018019 seconds .

========================================================================
Received Import Request.
  Time since last request: 4.140423 seconds.
  path: Assets/Sprites/Emerald5.png
  artifactKey: Guid(067e405a678da4e4a95f02611b904215) Importer(815301076,1909f56bfc062723c751e8b465ee728b)
Start importing Assets/Sprites/Emerald5.png using Guid(067e405a678da4e4a95f02611b904215) Importer(815301076,1909f56bfc062723c751e8b465ee728b)  -> (artifact id: '5baabae1152fc7217f1bdc43a540299f') in 0.015425 seconds 
  Import took 0.018466 seconds .

========================================================================
Received Import Request.
  Time since last request: 14.066653 seconds.
  path: Assets/Sprites/ruby5.png
  artifactKey: Guid(c10fce88cff3595488c7d6fd67f4b928) Importer(815301076,1909f56bfc062723c751e8b465ee728b)
Start importing Assets/Sprites/ruby5.png using Guid(c10fce88cff3595488c7d6fd67f4b928) Importer(815301076,1909f56bfc062723c751e8b465ee728b)  -> (artifact id: '2e1e14c1da0b58a880cb17fad63cc186') in 0.016314 seconds 
  Import took 0.019276 seconds .

========================================================================
Received Import Request.
  Time since last request: 7.234614 seconds.
  path: Assets/Sprites/Topaz1.png
  artifactKey: Guid(8696087089ac1a44f8d25f6f5af22ecf) Importer(815301076,1909f56bfc062723c751e8b465ee728b)
Start importing Assets/Sprites/Topaz1.png using Guid(8696087089ac1a44f8d25f6f5af22ecf) Importer(815301076,1909f56bfc062723c751e8b465ee728b)  -> (artifact id: 'eed915f1bb33d9c7c2c7b57ac7ea290e') in 0.015216 seconds 
  Import took 0.018207 seconds .

========================================================================
Received Import Request.
  Time since last request: 3.891848 seconds.
  path: Assets/Sprites/Topaz6.png
  artifactKey: Guid(13b7a477ce38c84478a08634097eb627) Importer(815301076,1909f56bfc062723c751e8b465ee728b)
Start importing Assets/Sprites/Topaz6.png using Guid(13b7a477ce38c84478a08634097eb627) Importer(815301076,1909f56bfc062723c751e8b465ee728b)  -> (artifact id: 'e2c1ab88746f2f57251a7dcc06da47a5') in 0.019364 seconds 
  Import took 0.022398 seconds .

========================================================================
Received Import Request.
  Time since last request: 10.035206 seconds.
  path: Assets/Sprites/sapphire6.png
  artifactKey: Guid(9ddd85dec140b9c49b5de8ea57e6c423) Importer(815301076,1909f56bfc062723c751e8b465ee728b)
Start importing Assets/Sprites/sapphire6.png using Guid(9ddd85dec140b9c49b5de8ea57e6c423) Importer(815301076,1909f56bfc062723c751e8b465ee728b)  -> (artifact id: '3cca54bae38f6bec534fd519a07866d5') in 0.013506 seconds 
  Import took 0.016564 seconds .

========================================================================
Received Import Request.
  Time since last request: 18.072465 seconds.
  path: Assets/Sprites/Obsidian3.png
  artifactKey: Guid(745910c046a05854cac9c39555ed8b3d) Importer(815301076,1909f56bfc062723c751e8b465ee728b)
Start importing Assets/Sprites/Obsidian3.png using Guid(745910c046a05854cac9c39555ed8b3d) Importer(815301076,1909f56bfc062723c751e8b465ee728b)  -> (artifact id: '2eea64fbdba5ce5fdd3649703e113881') in 0.015498 seconds 
  Import took 0.018636 seconds .

========================================================================
Received Prepare
Registering precompiled user dll's ...
Registered in 0.002423 seconds.
Begin MonoManager ReloadAssembly
Native extension for Lumin target not found
Native extension for LinuxStandalone target not found
Native extension for WindowsStandalone target not found
Native extension for OSXStandalone target not found
Native extension for WebGL target not found
Refreshing native plugins compatible for Editor in 0.48 ms, found 3 plugins.
Preloading 0 native plugins for Editor in 0.00 ms.
Mono: successfully reloaded assembly
- Completed reload, in  0.804 seconds
Domain Reload Profiling:
	ReloadAssembly (804ms)
		BeginReloadAssembly (92ms)
			ExecutionOrderSort (0ms)
			DisableScriptedObjects (5ms)
			BackupInstance (0ms)
			ReleaseScriptingObjects (0ms)
			CreateAndSetChildDomain (29ms)
		EndReloadAssembly (664ms)
			LoadAssemblies (73ms)
			RebuildTransferFunctionScriptingTraits (0ms)
			SetupTypeCache (246ms)
			ReleaseScriptCaches (1ms)
			RebuildScriptCaches (35ms)
			SetupLoadedEditorAssemblies (232ms)
				LogAssemblyErrors (0ms)
				InitializePlatformSupportModulesInManaged (5ms)
				SetLoadedEditorAssemblies (0ms)
				RefreshPlugins (1ms)
				BeforeProcessingInitializeOnLoad (62ms)
				ProcessInitializeOnLoadAttributes (153ms)
				ProcessInitializeOnLoadMethodAttributes (8ms)
				AfterProcessingInitializeOnLoad (2ms)
				EditorAssembliesLoaded (0ms)
			ExecutionOrderSort2 (0ms)
			AwakeInstancesAfterBackupRestoration (7ms)
Platform modules already initialized, skipping
Refreshing native plugins compatible for Editor in 0.45 ms, found 3 plugins.
Preloading 0 native plugins for Editor in 0.00 ms.
Unloading 2199 Unused Serialized files (Serialized files now loaded: 0)
System memory in use before: 99.0 MB.
System memory in use after: 99.0 MB.

Unloading 23 unused Assets to reduce memory usage. Loaded Objects now: 2649.
Total: 3.153400 ms (FindLiveObjects: 0.160600 ms CreateObjectMapping: 0.050200 ms MarkObjects: 2.829600 ms  DeleteObjects: 0.112000 ms)

AssetImportParameters requested are different than current active one (requested -> active):
  custom:framework-win-MediaFoundation: 216162199b28c13a410421893ffa2e32 -> 
  custom:video-decoder-ogg-theora: a1e56fd34408186e4bbccfd4996cb3dc -> 
  custom:container-muxer-webm: aa71ff27fc2769a1b78a27578f13a17b -> 
  custom:container-demuxer-webm: 4f35f7cbe854078d1ac9338744f61a02 -> 
  custom:container-demuxer-ogg: 62fdf1f143b41e24485cea50d1cbac27 -> 
  custom:video-encoder-webm-vp8: eb34c28f22e8b96e1ab97ce403110664 -> 
  custom:video-decoder-webm-vp8: 9c59270c3fd7afecdb556c50c9e8de78 -> 
  custom:audio-decoder-ogg-vorbis: bf7c407c2cedff20999df2af8eb42d56 -> 
  custom:audio-encoder-webm-vorbis: bf7c407c2cedff20999df2af8eb42d56 -> 
========================================================================
Received Import Request.
  Time since last request: 293.339782 seconds.
  path: Assets/Zindeaxx/Other
  artifactKey: Guid(090c82c5d6b95de4582c4d02187722cc) Importer(815301076,1909f56bfc062723c751e8b465ee728b)
Start importing Assets/Zindeaxx/Other using Guid(090c82c5d6b95de4582c4d02187722cc) Importer(815301076,1909f56bfc062723c751e8b465ee728b)  -> (artifact id: 'dd0e3bb04f3e1f9c594e2c237e62c3e4') in 0.006630 seconds 
  Import took 0.009652 seconds .

========================================================================
Received Import Request.
  Time since last request: 1.768254 seconds.
  path: Assets/Zindeaxx/Other/ZindeaLibrary.cs
  artifactKey: Guid(4b6302a3685575145a282a908fd4d0cb) Importer(815301076,1909f56bfc062723c751e8b465ee728b)
Start importing Assets/Zindeaxx/Other/ZindeaLibrary.cs using Guid(4b6302a3685575145a282a908fd4d0cb) Importer(815301076,1909f56bfc062723c751e8b465ee728b)  -> (artifact id: 'aeb36f9df624f5882c9d901aa013c50d') in 0.010300 seconds 
  Import took 0.013393 seconds .

========================================================================
Received Import Request.
  Time since last request: 5.637237 seconds.
  path: Assets/Zindeaxx/SoundSystem/Documentation.rtf
  artifactKey: Guid(a2a408a02bfa2f044b4663b9e4cd0db3) Importer(815301076,1909f56bfc062723c751e8b465ee728b)
Start importing Assets/Zindeaxx/SoundSystem/Documentation.rtf using Guid(a2a408a02bfa2f044b4663b9e4cd0db3) Importer(815301076,1909f56bfc062723c751e8b465ee728b)  -> (artifact id: '1cad35eee5470a8bd4f6c5a368e6a29f') in 0.012842 seconds 
  Import took 0.015862 seconds .

========================================================================
Received Import Request.
  Time since last request: 6.951381 seconds.
  path: Assets/Zindeaxx/SoundSystem/Scripts
  artifactKey: Guid(0d197ddf748c2bc468247d6854d709b5) Importer(815301076,1909f56bfc062723c751e8b465ee728b)
Start importing Assets/Zindeaxx/SoundSystem/Scripts using Guid(0d197ddf748c2bc468247d6854d709b5) Importer(815301076,1909f56bfc062723c751e8b465ee728b)  -> (artifact id: '5bb0ffa3e021716d269170e9e5b4da25') in 0.001633 seconds 
  Import took 0.004574 seconds .

========================================================================
Received Import Request.
  Time since last request: 6.196163 seconds.
  path: Assets/Zindeaxx/SoundSystem
  artifactKey: Guid(865e4ffc2b8fd7f4da81c78b8507252d) Importer(815301076,1909f56bfc062723c751e8b465ee728b)
Start importing Assets/Zindeaxx/SoundSystem using Guid(865e4ffc2b8fd7f4da81c78b8507252d) Importer(815301076,1909f56bfc062723c751e8b465ee728b)  -> (artifact id: '158614b925ea71c9aa171fed0165fa63') in 0.005095 seconds 
  Import took 0.008248 seconds .

========================================================================
Received Import Request.
  Time since last request: 0.735492 seconds.
  path: Assets/Zindeaxx/SoundSystem/Prefabs
  artifactKey: Guid(e9fd812e6b549714d8c16e190bd978ec) Importer(815301076,1909f56bfc062723c751e8b465ee728b)
Start importing Assets/Zindeaxx/SoundSystem/Prefabs using Guid(e9fd812e6b549714d8c16e190bd978ec) Importer(815301076,1909f56bfc062723c751e8b465ee728b)  -> (artifact id: 'a26b1b0cc1ee20cf43df33c655de29eb') in 0.001700 seconds 
  Import took 0.004652 seconds .

========================================================================
Received Import Request.
  Time since last request: 0.054969 seconds.
  path: Assets/Zindeaxx/SoundSystem/Prefabs/SoundControl.prefab
  artifactKey: Guid(27f1c6866eda3f548b53eb73c9b02e75) Importer(815301076,1909f56bfc062723c751e8b465ee728b)
Start importing Assets/Zindeaxx/SoundSystem/Prefabs/SoundControl.prefab using Guid(27f1c6866eda3f548b53eb73c9b02e75) Importer(815301076,1909f56bfc062723c751e8b465ee728b)  -> (artifact id: '6d40c9a02230baf70f2aade3b2ad8ffb') in 0.033980 seconds 
  Import took 0.036915 seconds .

========================================================================
Received Import Request.
  Time since last request: 0.000138 seconds.
  path: Assets/Zindeaxx/SoundSystem/Prefabs/SoundSettings.prefab
  artifactKey: Guid(cdff37acfd064f341a5c72fb4f24aed0) Importer(815301076,1909f56bfc062723c751e8b465ee728b)
Start importing Assets/Zindeaxx/SoundSystem/Prefabs/SoundSettings.prefab using Guid(cdff37acfd064f341a5c72fb4f24aed0) Importer(815301076,1909f56bfc062723c751e8b465ee728b)  -> (artifact id: '511a694e51548f7a9242eb680f24e3ac') in 0.007829 seconds 
  Import took 0.010489 seconds .

========================================================================
Received Import Request.
  Time since last request: 4.337744 seconds.
  path: Assets/Zindeaxx/SoundSystem/Icons
  artifactKey: Guid(aa23828bc47319f4d87335261ebbedfb) Importer(815301076,1909f56bfc062723c751e8b465ee728b)
Start importing Assets/Zindeaxx/SoundSystem/Icons using Guid(aa23828bc47319f4d87335261ebbedfb) Importer(815301076,1909f56bfc062723c751e8b465ee728b)  -> (artifact id: 'd7762158801ff8ab831b356981856e89') in 0.005028 seconds 
  Import took 0.008218 seconds .

========================================================================
Received Import Request.
  Time since last request: 0.054710 seconds.
  path: Assets/Zindeaxx/SoundSystem/Icons/SoundManager.png
  artifactKey: Guid(aa3838df678fe3245bbceb6150176822) Importer(815301076,1909f56bfc062723c751e8b465ee728b)
Start importing Assets/Zindeaxx/SoundSystem/Icons/SoundManager.png using Guid(aa3838df678fe3245bbceb6150176822) Importer(815301076,1909f56bfc062723c751e8b465ee728b)  -> (artifact id: '5817d208e7a377564e54bc001f0061cb') in 0.029042 seconds 
  Import took 0.032216 seconds .

========================================================================
Received Import Request.
  Time since last request: 0.000156 seconds.
  path: Assets/Zindeaxx/SoundSystem/Icons/SoundSet.png
  artifactKey: Guid(2606f5eaff0830b45bbb3badf8b62d16) Importer(815301076,1909f56bfc062723c751e8b465ee728b)
Start importing Assets/Zindeaxx/SoundSystem/Icons/SoundSet.png using Guid(2606f5eaff0830b45bbb3badf8b62d16) Importer(815301076,1909f56bfc062723c751e8b465ee728b)  -> (artifact id: 'e0cc5256250870f556ed4c30ad0fbea9') in 0.014595 seconds 
  Import took 0.017381 seconds .

========================================================================
Received Import Request.
  Time since last request: 4.542875 seconds.
  path: Assets/Zindeaxx/SoundSystem/Example
  artifactKey: Guid(2b2bcb5a2f7023c418cd2a6bdc696697) Importer(815301076,1909f56bfc062723c751e8b465ee728b)
Start importing Assets/Zindeaxx/SoundSystem/Example using Guid(2b2bcb5a2f7023c418cd2a6bdc696697) Importer(815301076,1909f56bfc062723c751e8b465ee728b)  -> (artifact id: 'e734095a92971e3b5d9d89ffe4f328c9') in 0.004679 seconds 
  Import took 0.007643 seconds .

========================================================================
Received Import Request.
  Time since last request: 0.052254 seconds.
  path: Assets/Zindeaxx/SoundSystem/Example/Skybox_Mat.mat
  artifactKey: Guid(0ffaa0b7117ba8c47a9d05ae701d4b4d) Importer(815301076,1909f56bfc062723c751e8b465ee728b)
Start importing Assets/Zindeaxx/SoundSystem/Example/Skybox_Mat.mat using Guid(0ffaa0b7117ba8c47a9d05ae701d4b4d) Importer(815301076,1909f56bfc062723c751e8b465ee728b)  -> (artifact id: '8f5ae99a1a3e81c2bd010083fc304549') in 0.104065 seconds 
  Import took 0.107132 seconds .

========================================================================
Received Import Request.
  Time since last request: 0.000161 seconds.
  path: Assets/Zindeaxx/SoundSystem/Example/TestSound.wav
  artifactKey: Guid(2e10beff777d31446976d98aa929f4f8) Importer(815301076,1909f56bfc062723c751e8b465ee728b)
Start importing Assets/Zindeaxx/SoundSystem/Example/TestSound.wav using Guid(2e10beff777d31446976d98aa929f4f8) Importer(815301076,1909f56bfc062723c751e8b465ee728b)  -> (artifact id: '5f3ec6c89107b68ca915e12ec60ec782') in 0.020959 seconds 
  Import took 0.023603 seconds .

========================================================================
Received Import Request.
  Time since last request: 0.000144 seconds.
  path: Assets/Zindeaxx/SoundSystem/Example/TestSoundSet.asset
  artifactKey: Guid(e8b2c77456d5e2546b803bd7c3c4c961) Importer(815301076,1909f56bfc062723c751e8b465ee728b)
Start importing Assets/Zindeaxx/SoundSystem/Example/TestSoundSet.asset using Guid(e8b2c77456d5e2546b803bd7c3c4c961) Importer(815301076,1909f56bfc062723c751e8b465ee728b)  -> (artifact id: '0bf8405936817f8906162ada37e7c442') in 0.006298 seconds 
  Import took 0.009197 seconds .

========================================================================
Received Import Request.
  Time since last request: 18.590708 seconds.
  path: Assets/Zindeaxx/SoundSystem/Example/SoundSettingsExample.unity
  artifactKey: Guid(45294d0ea4ba9b84da1323800409cd28) Importer(815301076,1909f56bfc062723c751e8b465ee728b)
Start importing Assets/Zindeaxx/SoundSystem/Example/SoundSettingsExample.unity using Guid(45294d0ea4ba9b84da1323800409cd28) Importer(815301076,1909f56bfc062723c751e8b465ee728b)  -> (artifact id: 'a8f77c55bcb472a53c087b068bd0041d') in 0.005865 seconds 
  Import took 0.009251 seconds .

========================================================================
Received Import Request.
  Time since last request: 11.313150 seconds.
  path: Assets/Zindeaxx/SoundSystem/Scripts/Behaviours
  artifactKey: Guid(3501fd450d6151242886e0040c8e1c08) Importer(815301076,1909f56bfc062723c751e8b465ee728b)
Start importing Assets/Zindeaxx/SoundSystem/Scripts/Behaviours using Guid(3501fd450d6151242886e0040c8e1c08) Importer(815301076,1909f56bfc062723c751e8b465ee728b)  -> (artifact id: 'bc76ed275cb20e99d10571ada90b87ea') in 0.005080 seconds 
  Import took 0.008349 seconds .

========================================================================
Received Prepare
Registering precompiled user dll's ...
Registered in 0.002415 seconds.
Begin MonoManager ReloadAssembly
Native extension for Lumin target not found
Native extension for LinuxStandalone target not found
Native extension for WindowsStandalone target not found
Native extension for OSXStandalone target not found
Native extension for WebGL target not found
Refreshing native plugins compatible for Editor in 0.50 ms, found 3 plugins.
Preloading 0 native plugins for Editor in 0.00 ms.
Mono: successfully reloaded assembly
- Completed reload, in  0.796 seconds
Domain Reload Profiling:
	ReloadAssembly (797ms)
		BeginReloadAssembly (92ms)
			ExecutionOrderSort (0ms)
			DisableScriptedObjects (5ms)
			BackupInstance (0ms)
			ReleaseScriptingObjects (0ms)
			CreateAndSetChildDomain (29ms)
		EndReloadAssembly (656ms)
			LoadAssemblies (78ms)
			RebuildTransferFunctionScriptingTraits (0ms)
			SetupTypeCache (236ms)
			ReleaseScriptCaches (1ms)
			RebuildScriptCaches (35ms)
			SetupLoadedEditorAssemblies (232ms)
				LogAssemblyErrors (0ms)
				InitializePlatformSupportModulesInManaged (5ms)
				SetLoadedEditorAssemblies (0ms)
				RefreshPlugins (1ms)
				BeforeProcessingInitializeOnLoad (62ms)
				ProcessInitializeOnLoadAttributes (154ms)
				ProcessInitializeOnLoadMethodAttributes (8ms)
				AfterProcessingInitializeOnLoad (2ms)
				EditorAssembliesLoaded (0ms)
			ExecutionOrderSort2 (0ms)
			AwakeInstancesAfterBackupRestoration (7ms)
Platform modules already initialized, skipping
Refreshing native plugins compatible for Editor in 0.41 ms, found 3 plugins.
Preloading 0 native plugins for Editor in 0.00 ms.
Unloading 2191 Unused Serialized files (Serialized files now loaded: 0)
System memory in use before: 99.2 MB.
System memory in use after: 99.2 MB.

Unloading 31 unused Assets to reduce memory usage. Loaded Objects now: 2687.
Total: 3.171900 ms (FindLiveObjects: 0.156600 ms CreateObjectMapping: 0.053500 ms MarkObjects: 2.845300 ms  DeleteObjects: 0.115500 ms)

AssetImportParameters requested are different than current active one (requested -> active):
  custom:framework-win-MediaFoundation: 216162199b28c13a410421893ffa2e32 -> 
  custom:video-decoder-ogg-theora: a1e56fd34408186e4bbccfd4996cb3dc -> 
  custom:container-muxer-webm: aa71ff27fc2769a1b78a27578f13a17b -> 
  custom:container-demuxer-webm: 4f35f7cbe854078d1ac9338744f61a02 -> 
  custom:container-demuxer-ogg: 62fdf1f143b41e24485cea50d1cbac27 -> 
  custom:video-encoder-webm-vp8: eb34c28f22e8b96e1ab97ce403110664 -> 
  custom:video-decoder-webm-vp8: 9c59270c3fd7afecdb556c50c9e8de78 -> 
  custom:audio-decoder-ogg-vorbis: bf7c407c2cedff20999df2af8eb42d56 -> 
  custom:audio-encoder-webm-vorbis: bf7c407c2cedff20999df2af8eb42d56 -> 
========================================================================
Received Import Request.
  Time since last request: 86.889510 seconds.
  path: Assets/Sounds/SMS - BlackBerry.mp3
  artifactKey: Guid(61496d650712b4d4580a309e2d3ef27a) Importer(815301076,1909f56bfc062723c751e8b465ee728b)
Start importing Assets/Sounds/SMS - BlackBerry.mp3 using Guid(61496d650712b4d4580a309e2d3ef27a) Importer(815301076,1909f56bfc062723c751e8b465ee728b)  -> (artifact id: '1adce17478717ce6b51b2603b3c10d85') in 0.038913 seconds 
  Import took 0.042232 seconds .

========================================================================
Received Import Request.
  Time since last request: 361.338581 seconds.
  path: Assets/Sounds/LetItGo.mp3
  artifactKey: Guid(48ea99c0a35b047468850503a6ae4eff) Importer(815301076,1909f56bfc062723c751e8b465ee728b)
Start importing Assets/Sounds/LetItGo.mp3 using Guid(48ea99c0a35b047468850503a6ae4eff) Importer(815301076,1909f56bfc062723c751e8b465ee728b)  -> (artifact id: '47585aa27b798369633d0cd4bbd164f0') in 0.011736 seconds 
  Import took 0.015183 seconds .

========================================================================
Received Import Request.
  Time since last request: 0.000170 seconds.
  path: Assets/Sounds/WellDone.mp3
  artifactKey: Guid(0b2ca1c38f615824495e0f6a58a5e8e5) Importer(815301076,1909f56bfc062723c751e8b465ee728b)
Start importing Assets/Sounds/WellDone.mp3 using Guid(0b2ca1c38f615824495e0f6a58a5e8e5) Importer(815301076,1909f56bfc062723c751e8b465ee728b)  -> (artifact id: '0fbea0127bc1ba98ee330a347add0830') in 0.009288 seconds 
  Import took 0.012079 seconds .

========================================================================
Received Import Request.
  Time since last request: 0.000140 seconds.
  path: Assets/Sounds/Take.mp3
  artifactKey: Guid(00d685bd61738e349bd524b76f0e3df5) Importer(815301076,1909f56bfc062723c751e8b465ee728b)
Start importing Assets/Sounds/Take.mp3 using Guid(00d685bd61738e349bd524b76f0e3df5) Importer(815301076,1909f56bfc062723c751e8b465ee728b)  -> (artifact id: '4a0b628d8308cab028d86646a45e19c7') in 0.011981 seconds 
  Import took 0.014741 seconds .

========================================================================
Received Import Request.
  Time since last request: 194.470166 seconds.
  path: Assets/Images
  artifactKey: Guid(e8c31c1f4eaf90745881a390ec879f00) Importer(815301076,1909f56bfc062723c751e8b465ee728b)
Start importing Assets/Images using Guid(e8c31c1f4eaf90745881a390ec879f00) Importer(815301076,1909f56bfc062723c751e8b465ee728b)  -> (artifact id: 'ec6436abc525f033bcd581372fd845d1') in 0.005127 seconds 
  Import took 0.008143 seconds .

========================================================================
Received Import Request.
  Time since last request: 269.587770 seconds.
  path: Assets/Scripts/NewBehaviourScript.cs
  artifactKey: Guid(b22474fd30fa96b4b8b4886d1031bf6b) Importer(815301076,1909f56bfc062723c751e8b465ee728b)
Start importing Assets/Scripts/NewBehaviourScript.cs using Guid(b22474fd30fa96b4b8b4886d1031bf6b) Importer(815301076,1909f56bfc062723c751e8b465ee728b)  -> (artifact id: '38acb16c240d72853c19df379eaf934e') in 0.005244 seconds 
  Import took 0.008243 seconds .

========================================================================
Received Prepare
Registering precompiled user dll's ...
Registered in 0.002418 seconds.
Begin MonoManager ReloadAssembly
Native extension for Lumin target not found
Native extension for LinuxStandalone target not found
Native extension for WindowsStandalone target not found
Native extension for OSXStandalone target not found
Native extension for WebGL target not found
Refreshing native plugins compatible for Editor in 0.50 ms, found 3 plugins.
Preloading 0 native plugins for Editor in 0.00 ms.
Mono: successfully reloaded assembly
- Completed reload, in  0.819 seconds
Domain Reload Profiling:
	ReloadAssembly (819ms)
		BeginReloadAssembly (92ms)
			ExecutionOrderSort (0ms)
			DisableScriptedObjects (5ms)
			BackupInstance (0ms)
			ReleaseScriptingObjects (0ms)
			CreateAndSetChildDomain (29ms)
		EndReloadAssembly (676ms)
			LoadAssemblies (76ms)
			RebuildTransferFunctionScriptingTraits (0ms)
			SetupTypeCache (245ms)
			ReleaseScriptCaches (1ms)
			RebuildScriptCaches (35ms)
			SetupLoadedEditorAssemblies (237ms)
				LogAssemblyErrors (0ms)
				InitializePlatformSupportModulesInManaged (5ms)
				SetLoadedEditorAssemblies (0ms)
				RefreshPlugins (1ms)
				BeforeProcessingInitializeOnLoad (64ms)
				ProcessInitializeOnLoadAttributes (157ms)
				ProcessInitializeOnLoadMethodAttributes (8ms)
				AfterProcessingInitializeOnLoad (2ms)
				EditorAssembliesLoaded (0ms)
			ExecutionOrderSort2 (0ms)
			AwakeInstancesAfterBackupRestoration (7ms)
Platform modules already initialized, skipping
Refreshing native plugins compatible for Editor in 0.39 ms, found 3 plugins.
Preloading 0 native plugins for Editor in 0.00 ms.
Unloading 2192 Unused Serialized files (Serialized files now loaded: 0)
System memory in use before: 99.4 MB.
System memory in use after: 99.3 MB.

Unloading 23 unused Assets to reduce memory usage. Loaded Objects now: 2691.
Total: 3.255500 ms (FindLiveObjects: 0.169700 ms CreateObjectMapping: 0.051000 ms MarkObjects: 2.916000 ms  DeleteObjects: 0.117600 ms)

AssetImportParameters requested are different than current active one (requested -> active):
  custom:framework-win-MediaFoundation: 216162199b28c13a410421893ffa2e32 -> 
  custom:video-decoder-ogg-theora: a1e56fd34408186e4bbccfd4996cb3dc -> 
  custom:container-muxer-webm: aa71ff27fc2769a1b78a27578f13a17b -> 
  custom:container-demuxer-webm: 4f35f7cbe854078d1ac9338744f61a02 -> 
  custom:container-demuxer-ogg: 62fdf1f143b41e24485cea50d1cbac27 -> 
  custom:video-encoder-webm-vp8: eb34c28f22e8b96e1ab97ce403110664 -> 
  custom:video-decoder-webm-vp8: 9c59270c3fd7afecdb556c50c9e8de78 -> 
  custom:audio-decoder-ogg-vorbis: bf7c407c2cedff20999df2af8eb42d56 -> 
  custom:audio-encoder-webm-vorbis: bf7c407c2cedff20999df2af8eb42d56 -> 
========================================================================
Received Prepare
Registering precompiled user dll's ...
Registered in 0.002458 seconds.
Begin MonoManager ReloadAssembly
Native extension for Lumin target not found
Native extension for LinuxStandalone target not found
Native extension for WindowsStandalone target not found
Native extension for OSXStandalone target not found
Native extension for WebGL target not found
Refreshing native plugins compatible for Editor in 0.50 ms, found 3 plugins.
Preloading 0 native plugins for Editor in 0.00 ms.
Mono: successfully reloaded assembly
- Completed reload, in  0.804 seconds
Domain Reload Profiling:
	ReloadAssembly (804ms)
		BeginReloadAssembly (88ms)
			ExecutionOrderSort (0ms)
			DisableScriptedObjects (5ms)
			BackupInstance (0ms)
			ReleaseScriptingObjects (0ms)
			CreateAndSetChildDomain (28ms)
		EndReloadAssembly (669ms)
			LoadAssemblies (72ms)
			RebuildTransferFunctionScriptingTraits (0ms)
			SetupTypeCache (244ms)
			ReleaseScriptCaches (1ms)
			RebuildScriptCaches (36ms)
			SetupLoadedEditorAssemblies (237ms)
				LogAssemblyErrors (0ms)
				InitializePlatformSupportModulesInManaged (6ms)
				SetLoadedEditorAssemblies (0ms)
				RefreshPlugins (1ms)
				BeforeProcessingInitializeOnLoad (64ms)
				ProcessInitializeOnLoadAttributes (157ms)
				ProcessInitializeOnLoadMethodAttributes (8ms)
				AfterProcessingInitializeOnLoad (2ms)
				EditorAssembliesLoaded (0ms)
			ExecutionOrderSort2 (0ms)
			AwakeInstancesAfterBackupRestoration (7ms)
Platform modules already initialized, skipping
Refreshing native plugins compatible for Editor in 0.45 ms, found 3 plugins.
Preloading 0 native plugins for Editor in 0.00 ms.
Unloading 2191 Unused Serialized files (Serialized files now loaded: 0)
System memory in use before: 99.3 MB.
System memory in use after: 99.3 MB.

Unloading 24 unused Assets to reduce memory usage. Loaded Objects now: 2692.
Total: 3.156500 ms (FindLiveObjects: 0.166500 ms CreateObjectMapping: 0.050200 ms MarkObjects: 2.804000 ms  DeleteObjects: 0.134800 ms)

AssetImportParameters requested are different than current active one (requested -> active):
  custom:framework-win-MediaFoundation: 216162199b28c13a410421893ffa2e32 -> 
  custom:video-decoder-ogg-theora: a1e56fd34408186e4bbccfd4996cb3dc -> 
  custom:container-muxer-webm: aa71ff27fc2769a1b78a27578f13a17b -> 
  custom:container-demuxer-webm: 4f35f7cbe854078d1ac9338744f61a02 -> 
  custom:container-demuxer-ogg: 62fdf1f143b41e24485cea50d1cbac27 -> 
  custom:video-encoder-webm-vp8: eb34c28f22e8b96e1ab97ce403110664 -> 
  custom:video-decoder-webm-vp8: 9c59270c3fd7afecdb556c50c9e8de78 -> 
  custom:audio-decoder-ogg-vorbis: bf7c407c2cedff20999df2af8eb42d56 -> 
  custom:audio-encoder-webm-vorbis: bf7c407c2cedff20999df2af8eb42d56 -> 
========================================================================
Received Import Request.
  Time since last request: 82.336773 seconds.
  path: Assets/Scripts/ManageTreasure.cs
  artifactKey: Guid(b0d3ad446cd57a94db09598f9a45b071) Importer(815301076,1909f56bfc062723c751e8b465ee728b)
Start importing Assets/Scripts/ManageTreasure.cs using Guid(b0d3ad446cd57a94db09598f9a45b071) Importer(815301076,1909f56bfc062723c751e8b465ee728b)  -> (artifact id: '64b6976b8d9cef4a321e868ff677cef4') in 0.007316 seconds 
  Import took 0.010525 seconds .

========================================================================
Received Prepare
Registering precompiled user dll's ...
Registered in 0.002681 seconds.
Begin MonoManager ReloadAssembly
Native extension for Lumin target not found
Native extension for LinuxStandalone target not found
Native extension for WindowsStandalone target not found
Native extension for OSXStandalone target not found
Native extension for WebGL target not found
Refreshing native plugins compatible for Editor in 0.57 ms, found 3 plugins.
Preloading 0 native plugins for Editor in 0.00 ms.
Mono: successfully reloaded assembly
- Completed reload, in  0.829 seconds
Domain Reload Profiling:
	ReloadAssembly (829ms)
		BeginReloadAssembly (94ms)
			ExecutionOrderSort (0ms)
			DisableScriptedObjects (5ms)
			BackupInstance (0ms)
			ReleaseScriptingObjects (0ms)
			CreateAndSetChildDomain (30ms)
		EndReloadAssembly (684ms)
			LoadAssemblies (79ms)
			RebuildTransferFunctionScriptingTraits (0ms)
			SetupTypeCache (248ms)
			ReleaseScriptCaches (1ms)
			RebuildScriptCaches (37ms)
			SetupLoadedEditorAssemblies (241ms)
				LogAssemblyErrors (0ms)
				InitializePlatformSupportModulesInManaged (5ms)
				SetLoadedEditorAssemblies (0ms)
				RefreshPlugins (1ms)
				BeforeProcessingInitializeOnLoad (64ms)
				ProcessInitializeOnLoadAttributes (160ms)
				ProcessInitializeOnLoadMethodAttributes (8ms)
				AfterProcessingInitializeOnLoad (2ms)
				EditorAssembliesLoaded (0ms)
			ExecutionOrderSort2 (0ms)
			AwakeInstancesAfterBackupRestoration (7ms)
Platform modules already initialized, skipping
Refreshing native plugins compatible for Editor in 0.40 ms, found 3 plugins.
Preloading 0 native plugins for Editor in 0.00 ms.
Unloading 2192 Unused Serialized files (Serialized files now loaded: 0)
System memory in use before: 99.4 MB.
System memory in use after: 99.3 MB.

Unloading 23 unused Assets to reduce memory usage. Loaded Objects now: 2695.
Total: 3.057900 ms (FindLiveObjects: 0.167700 ms CreateObjectMapping: 0.051700 ms MarkObjects: 2.711100 ms  DeleteObjects: 0.126300 ms)

AssetImportParameters requested are different than current active one (requested -> active):
  custom:framework-win-MediaFoundation: 216162199b28c13a410421893ffa2e32 -> 
  custom:video-decoder-ogg-theora: a1e56fd34408186e4bbccfd4996cb3dc -> 
  custom:container-muxer-webm: aa71ff27fc2769a1b78a27578f13a17b -> 
  custom:container-demuxer-webm: 4f35f7cbe854078d1ac9338744f61a02 -> 
  custom:container-demuxer-ogg: 62fdf1f143b41e24485cea50d1cbac27 -> 
  custom:video-encoder-webm-vp8: eb34c28f22e8b96e1ab97ce403110664 -> 
  custom:video-decoder-webm-vp8: 9c59270c3fd7afecdb556c50c9e8de78 -> 
  custom:audio-decoder-ogg-vorbis: bf7c407c2cedff20999df2af8eb42d56 -> 
  custom:audio-encoder-webm-vorbis: bf7c407c2cedff20999df2af8eb42d56 -> 
========================================================================
Received Import Request.
  Time since last request: 148.509872 seconds.
  path: Assets/Scripts/ManageTreasure.cs
  artifactKey: Guid(b0d3ad446cd57a94db09598f9a45b071) Importer(815301076,1909f56bfc062723c751e8b465ee728b)
Start importing Assets/Scripts/ManageTreasure.cs using Guid(b0d3ad446cd57a94db09598f9a45b071) Importer(815301076,1909f56bfc062723c751e8b465ee728b)  -> (artifact id: '8da7434920fbb2c46f97d6c37295b601') in 0.004767 seconds 
  Import took 0.008371 seconds .

========================================================================
Received Import Request.
  Time since last request: 28.533026 seconds.
  path: Assets/Scenes/SampleScene.unity
  artifactKey: Guid(2cda990e2423bbf4892e6590ba056729) Importer(815301076,1909f56bfc062723c751e8b465ee728b)
Start importing Assets/Scenes/SampleScene.unity using Guid(2cda990e2423bbf4892e6590ba056729) Importer(815301076,1909f56bfc062723c751e8b465ee728b)  -> (artifact id: '1333ee985c8b405feb81c7cbd2e221fc') in 0.011371 seconds 
  Import took 0.014424 seconds .

========================================================================
Received Import Request.
  Time since last request: 12.850763 seconds.
  path: Assets/Scenes/Game.unity
  artifactKey: Guid(2cda990e2423bbf4892e6590ba056729) Importer(815301076,1909f56bfc062723c751e8b465ee728b)
Start importing Assets/Scenes/Game.unity using Guid(2cda990e2423bbf4892e6590ba056729) Importer(815301076,1909f56bfc062723c751e8b465ee728b)  -> (artifact id: '087b6212aa977821d631576e6f0d1f50') in 0.005490 seconds 
  Import took 0.008640 seconds .

========================================================================
Received Prepare
Refreshing native plugins compatible for Editor in 2.63 ms, found 3 plugins.
Preloading 0 native plugins for Editor in 0.00 ms.
Unloading 21 Unused Serialized files (Serialized files now loaded: 0)
System memory in use before: 56.5 MB.
System memory in use after: 56.5 MB.

Unloading 21 unused Assets to reduce memory usage. Loaded Objects now: 2695.
Total: 3.572800 ms (FindLiveObjects: 0.173100 ms CreateObjectMapping: 0.050800 ms MarkObjects: 3.228300 ms  DeleteObjects: 0.119900 ms)

AssetImportParameters requested are different than current active one (requested -> active):
  custom:framework-win-MediaFoundation: 216162199b28c13a410421893ffa2e32 -> 
  custom:video-decoder-ogg-theora: a1e56fd34408186e4bbccfd4996cb3dc -> 
  custom:container-muxer-webm: aa71ff27fc2769a1b78a27578f13a17b -> 
  custom:container-demuxer-webm: 4f35f7cbe854078d1ac9338744f61a02 -> 
  custom:container-demuxer-ogg: 62fdf1f143b41e24485cea50d1cbac27 -> 
  custom:video-encoder-webm-vp8: eb34c28f22e8b96e1ab97ce403110664 -> 
  custom:video-decoder-webm-vp8: 9c59270c3fd7afecdb556c50c9e8de78 -> 
  custom:audio-decoder-ogg-vorbis: bf7c407c2cedff20999df2af8eb42d56 -> 
  custom:audio-encoder-webm-vorbis: bf7c407c2cedff20999df2af8eb42d56 -> 
========================================================================
Received Prepare
Refreshing native plugins compatible for Editor in 2.49 ms, found 3 plugins.
Preloading 0 native plugins for Editor in 0.00 ms.
Unloading 21 Unused Serialized files (Serialized files now loaded: 0)
System memory in use before: 56.5 MB.
System memory in use after: 56.5 MB.

Unloading 21 unused Assets to reduce memory usage. Loaded Objects now: 2695.
Total: 3.402800 ms (FindLiveObjects: 0.160700 ms CreateObjectMapping: 0.048100 ms MarkObjects: 3.072700 ms  DeleteObjects: 0.120500 ms)

AssetImportParameters requested are different than current active one (requested -> active):
  custom:framework-win-MediaFoundation: 216162199b28c13a410421893ffa2e32 -> 
  custom:video-decoder-ogg-theora: a1e56fd34408186e4bbccfd4996cb3dc -> 
  custom:container-muxer-webm: aa71ff27fc2769a1b78a27578f13a17b -> 
  custom:container-demuxer-webm: 4f35f7cbe854078d1ac9338744f61a02 -> 
  custom:container-demuxer-ogg: 62fdf1f143b41e24485cea50d1cbac27 -> 
  custom:video-encoder-webm-vp8: eb34c28f22e8b96e1ab97ce403110664 -> 
  custom:video-decoder-webm-vp8: 9c59270c3fd7afecdb556c50c9e8de78 -> 
  custom:audio-decoder-ogg-vorbis: bf7c407c2cedff20999df2af8eb42d56 -> 
  custom:audio-encoder-webm-vorbis: bf7c407c2cedff20999df2af8eb42d56 -> 
========================================================================
Received Import Request.
  Time since last request: 221.334470 seconds.
  path: Assets/Sprites/Amethyst2.png
  artifactKey: Guid(26a0cb5da70406b4ca15fc2a43109b7f) Importer(815301076,1909f56bfc062723c751e8b465ee728b)
Start importing Assets/Sprites/Amethyst2.png using Guid(26a0cb5da70406b4ca15fc2a43109b7f) Importer(815301076,1909f56bfc062723c751e8b465ee728b)  -> (artifact id: 'fea56edc11b8781034a3d221b2741711') in 0.040676 seconds 
  Import took 0.044025 seconds .

========================================================================
Received Import Request.
  Time since last request: 0.000155 seconds.
  path: Assets/Sprites/Emerald4.png
  artifactKey: Guid(edd473509be04fe4db3346e25be75087) Importer(815301076,1909f56bfc062723c751e8b465ee728b)
Start importing Assets/Sprites/Emerald4.png using Guid(edd473509be04fe4db3346e25be75087) Importer(815301076,1909f56bfc062723c751e8b465ee728b)  -> (artifact id: 'cdb6a5eb7de009078cfea7f54dad6d24') in 0.017065 seconds 
  Import took 0.020033 seconds .

========================================================================
Received Import Request.
  Time since last request: 0.000160 seconds.
  path: Assets/Sprites/ruby5.png
  artifactKey: Guid(c10fce88cff3595488c7d6fd67f4b928) Importer(815301076,1909f56bfc062723c751e8b465ee728b)
Start importing Assets/Sprites/ruby5.png using Guid(c10fce88cff3595488c7d6fd67f4b928) Importer(815301076,1909f56bfc062723c751e8b465ee728b)  -> (artifact id: '45f7be20d752134b0c93dbc352467906') in 0.018530 seconds 
  Import took 0.021258 seconds .

========================================================================
Received Import Request.
  Time since last request: 0.000155 seconds.
  path: Assets/Sprites/sapphire6.png
  artifactKey: Guid(9ddd85dec140b9c49b5de8ea57e6c423) Importer(815301076,1909f56bfc062723c751e8b465ee728b)
Start importing Assets/Sprites/sapphire6.png using Guid(9ddd85dec140b9c49b5de8ea57e6c423) Importer(815301076,1909f56bfc062723c751e8b465ee728b)  -> (artifact id: '10843daae2316ca83995077afac4f9a1') in 0.022749 seconds 
  Import took 0.025550 seconds .

========================================================================
Received Import Request.
  Time since last request: 0.000143 seconds.
  path: Assets/Sprites/Obsidian3.png
  artifactKey: Guid(745910c046a05854cac9c39555ed8b3d) Importer(815301076,1909f56bfc062723c751e8b465ee728b)
Start importing Assets/Sprites/Obsidian3.png using Guid(745910c046a05854cac9c39555ed8b3d) Importer(815301076,1909f56bfc062723c751e8b465ee728b)  -> (artifact id: '86427de863a127b69e2035cd5a7b663f') in 0.013091 seconds 
  Import took 0.016208 seconds .

========================================================================
Received Import Request.
  Time since last request: 0.000143 seconds.
  path: Assets/Sprites/Topaz1.png
  artifactKey: Guid(8696087089ac1a44f8d25f6f5af22ecf) Importer(815301076,1909f56bfc062723c751e8b465ee728b)
Start importing Assets/Sprites/Topaz1.png using Guid(8696087089ac1a44f8d25f6f5af22ecf) Importer(815301076,1909f56bfc062723c751e8b465ee728b)  -> (artifact id: '2f19e5342a66d06c5ea898ea284d437a') in 0.015481 seconds 
  Import took 0.018630 seconds .

========================================================================
Received Prepare
Registering precompiled user dll's ...
Registered in 0.002612 seconds.
Begin MonoManager ReloadAssembly
Native extension for Lumin target not found
Native extension for LinuxStandalone target not found
Native extension for WindowsStandalone target not found
Native extension for OSXStandalone target not found
Native extension for WebGL target not found
Refreshing native plugins compatible for Editor in 0.47 ms, found 3 plugins.
Preloading 0 native plugins for Editor in 0.00 ms.
Mono: successfully reloaded assembly
- Completed reload, in  0.828 seconds
Domain Reload Profiling:
	ReloadAssembly (829ms)
		BeginReloadAssembly (93ms)
			ExecutionOrderSort (0ms)
			DisableScriptedObjects (5ms)
			BackupInstance (0ms)
			ReleaseScriptingObjects (0ms)
			CreateAndSetChildDomain (31ms)
		EndReloadAssembly (687ms)
			LoadAssemblies (74ms)
			RebuildTransferFunctionScriptingTraits (0ms)
			SetupTypeCache (243ms)
			ReleaseScriptCaches (1ms)
			RebuildScriptCaches (35ms)
			SetupLoadedEditorAssemblies (247ms)
				LogAssemblyErrors (0ms)
				InitializePlatformSupportModulesInManaged (5ms)
				SetLoadedEditorAssemblies (0ms)
				RefreshPlugins (1ms)
				BeforeProcessingInitializeOnLoad (74ms)
				ProcessInitializeOnLoadAttributes (157ms)
				ProcessInitializeOnLoadMethodAttributes (8ms)
				AfterProcessingInitializeOnLoad (2ms)
				EditorAssembliesLoaded (0ms)
			ExecutionOrderSort2 (0ms)
			AwakeInstancesAfterBackupRestoration (7ms)
Platform modules already initialized, skipping
Switching build target platform(19) subTarget(0) extendedPlatform(0) -> platform(13) subTarget(537395200) extendedPlatform(0)
Refreshing native plugins compatible for Editor in 0.50 ms, found 3 plugins.
Preloading 0 native plugins for Editor in 0.00 ms.
Unloading 2196 Unused Serialized files (Serialized files now loaded: 0)
System memory in use before: 99.5 MB.
System memory in use after: 99.4 MB.

Unloading 23 unused Assets to reduce memory usage. Loaded Objects now: 2698.
Total: 2.873600 ms (FindLiveObjects: 0.180000 ms CreateObjectMapping: 0.050600 ms MarkObjects: 2.527700 ms  DeleteObjects: 0.114100 ms)

AssetImportParameters requested are different than current active one (requested -> active):
  custom:framework-win-MediaFoundation: 216162199b28c13a410421893ffa2e32 -> 
  custom:video-decoder-ogg-theora: a1e56fd34408186e4bbccfd4996cb3dc -> 
  custom:container-muxer-webm: aa71ff27fc2769a1b78a27578f13a17b -> 
  custom:container-demuxer-webm: 4f35f7cbe854078d1ac9338744f61a02 -> 
  custom:container-demuxer-ogg: 62fdf1f143b41e24485cea50d1cbac27 -> 
  custom:video-encoder-webm-vp8: eb34c28f22e8b96e1ab97ce403110664 -> 
  custom:video-decoder-webm-vp8: 9c59270c3fd7afecdb556c50c9e8de78 -> 
  custom:graphics/normal-map-encoding: 01000000000000000000000000000000 -> 02000000000000000000000000000000
  custom:audio-decoder-ogg-vorbis: bf7c407c2cedff20999df2af8eb42d56 -> 
  custom:audio-encoder-webm-vorbis: bf7c407c2cedff20999df2af8eb42d56 -> 
========================================================================
Received Prepare
Registering precompiled user dll's ...
Registered in 0.002376 seconds.
Begin MonoManager ReloadAssembly
Native extension for Lumin target not found
Native extension for LinuxStandalone target not found
Native extension for WindowsStandalone target not found
Native extension for OSXStandalone target not found
Native extension for WebGL target not found
Refreshing native plugins compatible for Editor in 0.49 ms, found 3 plugins.
Preloading 0 native plugins for Editor in 0.00 ms.
Mono: successfully reloaded assembly
- Completed reload, in  0.815 seconds
Domain Reload Profiling:
	ReloadAssembly (815ms)
		BeginReloadAssembly (89ms)
			ExecutionOrderSort (0ms)
			DisableScriptedObjects (5ms)
			BackupInstance (0ms)
			ReleaseScriptingObjects (0ms)
			CreateAndSetChildDomain (27ms)
		EndReloadAssembly (679ms)
			LoadAssemblies (72ms)
			RebuildTransferFunctionScriptingTraits (0ms)
			SetupTypeCache (241ms)
			ReleaseScriptCaches (1ms)
			RebuildScriptCaches (36ms)
			SetupLoadedEditorAssemblies (236ms)
				LogAssemblyErrors (0ms)
				InitializePlatformSupportModulesInManaged (5ms)
				SetLoadedEditorAssemblies (0ms)
				RefreshPlugins (1ms)
				BeforeProcessingInitializeOnLoad (64ms)
				ProcessInitializeOnLoadAttributes (155ms)
				ProcessInitializeOnLoadMethodAttributes (8ms)
				AfterProcessingInitializeOnLoad (2ms)
				EditorAssembliesLoaded (0ms)
			ExecutionOrderSort2 (0ms)
			AwakeInstancesAfterBackupRestoration (7ms)
Platform modules already initialized, skipping
Switching build target platform(19) subTarget(0) extendedPlatform(0) -> platform(13) subTarget(537395200) extendedPlatform(0)
Refreshing native plugins compatible for Editor in 0.43 ms, found 3 plugins.
Preloading 0 native plugins for Editor in 0.00 ms.
Unloading 2196 Unused Serialized files (Serialized files now loaded: 0)
System memory in use before: 99.5 MB.
System memory in use after: 99.4 MB.

Unloading 23 unused Assets to reduce memory usage. Loaded Objects now: 2700.
Total: 3.024400 ms (FindLiveObjects: 0.155800 ms CreateObjectMapping: 0.048800 ms MarkObjects: 2.712900 ms  DeleteObjects: 0.106200 ms)

AssetImportParameters requested are different than current active one (requested -> active):
  custom:framework-win-MediaFoundation: 216162199b28c13a410421893ffa2e32 -> 
  custom:video-decoder-ogg-theora: a1e56fd34408186e4bbccfd4996cb3dc -> 
  custom:container-muxer-webm: aa71ff27fc2769a1b78a27578f13a17b -> 
  custom:container-demuxer-webm: 4f35f7cbe854078d1ac9338744f61a02 -> 
  custom:container-demuxer-ogg: 62fdf1f143b41e24485cea50d1cbac27 -> 
  custom:video-encoder-webm-vp8: eb34c28f22e8b96e1ab97ce403110664 -> 
  custom:video-decoder-webm-vp8: 9c59270c3fd7afecdb556c50c9e8de78 -> 
  custom:graphics/normal-map-encoding: 01000000000000000000000000000000 -> 02000000000000000000000000000000
  custom:audio-decoder-ogg-vorbis: bf7c407c2cedff20999df2af8eb42d56 -> 
  custom:audio-encoder-webm-vorbis: bf7c407c2cedff20999df2af8eb42d56 -> 
========================================================================
Received Import Request.
  Time since last request: 1160.756129 seconds.
  path: Assets/Scripts/GameController.cs
  artifactKey: Guid(d4318b8c3f1094f47b86d8463389ff08) Importer(815301076,1909f56bfc062723c751e8b465ee728b)
Start importing Assets/Scripts/GameController.cs using Guid(d4318b8c3f1094f47b86d8463389ff08) Importer(815301076,1909f56bfc062723c751e8b465ee728b)  -> (artifact id: '40b1d7b280b761e073e91f4bd2f257bc') in 0.008299 seconds 
  Import took 0.011464 seconds .

========================================================================
Received Prepare
Registering precompiled user dll's ...
Registered in 0.002500 seconds.
Begin MonoManager ReloadAssembly
Native extension for Lumin target not found
Native extension for LinuxStandalone target not found
Native extension for WindowsStandalone target not found
Native extension for OSXStandalone target not found
Native extension for WebGL target not found
Refreshing native plugins compatible for Editor in 0.49 ms, found 3 plugins.
Preloading 0 native plugins for Editor in 0.00 ms.
Mono: successfully reloaded assembly
- Completed reload, in  0.848 seconds
Domain Reload Profiling:
	ReloadAssembly (848ms)
		BeginReloadAssembly (99ms)
			ExecutionOrderSort (0ms)
			DisableScriptedObjects (9ms)
			BackupInstance (0ms)
			ReleaseScriptingObjects (0ms)
			CreateAndSetChildDomain (29ms)
		EndReloadAssembly (697ms)
			LoadAssemblies (77ms)
			RebuildTransferFunctionScriptingTraits (0ms)
			SetupTypeCache (240ms)
			ReleaseScriptCaches (1ms)
			RebuildScriptCaches (42ms)
			SetupLoadedEditorAssemblies (239ms)
				LogAssemblyErrors (0ms)
				InitializePlatformSupportModulesInManaged (5ms)
				SetLoadedEditorAssemblies (0ms)
				RefreshPlugins (1ms)
				BeforeProcessingInitializeOnLoad (64ms)
				ProcessInitializeOnLoadAttributes (158ms)
				ProcessInitializeOnLoadMethodAttributes (8ms)
				AfterProcessingInitializeOnLoad (2ms)
				EditorAssembliesLoaded (0ms)
			ExecutionOrderSort2 (0ms)
			AwakeInstancesAfterBackupRestoration (7ms)
Platform modules already initialized, skipping
Switching build target platform(19) subTarget(0) extendedPlatform(0) -> platform(13) subTarget(537395200) extendedPlatform(0)
Refreshing native plugins compatible for Editor in 0.44 ms, found 3 plugins.
Preloading 0 native plugins for Editor in 0.00 ms.
Unloading 2197 Unused Serialized files (Serialized files now loaded: 0)
System memory in use before: 99.6 MB.
System memory in use after: 99.5 MB.

Unloading 23 unused Assets to reduce memory usage. Loaded Objects now: 2703.
Total: 2.993700 ms (FindLiveObjects: 0.183500 ms CreateObjectMapping: 0.051900 ms MarkObjects: 2.639400 ms  DeleteObjects: 0.117700 ms)

AssetImportParameters requested are different than current active one (requested -> active):
  custom:framework-win-MediaFoundation: 216162199b28c13a410421893ffa2e32 -> 
  custom:video-decoder-ogg-theora: a1e56fd34408186e4bbccfd4996cb3dc -> 
  custom:container-muxer-webm: aa71ff27fc2769a1b78a27578f13a17b -> 
  custom:container-demuxer-webm: 4f35f7cbe854078d1ac9338744f61a02 -> 
  custom:container-demuxer-ogg: 62fdf1f143b41e24485cea50d1cbac27 -> 
  custom:video-encoder-webm-vp8: eb34c28f22e8b96e1ab97ce403110664 -> 
  custom:video-decoder-webm-vp8: 9c59270c3fd7afecdb556c50c9e8de78 -> 
  custom:graphics/normal-map-encoding: 01000000000000000000000000000000 -> 02000000000000000000000000000000
  custom:audio-decoder-ogg-vorbis: bf7c407c2cedff20999df2af8eb42d56 -> 
  custom:audio-encoder-webm-vorbis: bf7c407c2cedff20999df2af8eb42d56 -> 
========================================================================
Received Import Request.
  Time since last request: 308.821983 seconds.
  path: Assets/Scripts/GameController.cs
  artifactKey: Guid(d4318b8c3f1094f47b86d8463389ff08) Importer(815301076,1909f56bfc062723c751e8b465ee728b)
Start importing Assets/Scripts/GameController.cs using Guid(d4318b8c3f1094f47b86d8463389ff08) Importer(815301076,1909f56bfc062723c751e8b465ee728b)  -> (artifact id: '3d1240a7071a4d2066e32d2408965baa') in 0.006702 seconds 
  Import took 0.010117 seconds .

AssetImportWorkerClient::OnTransportError - code=2 error=End of file
